<?xml version="1.0" encoding="UTF-8"?>
<testsuite name="edu.wpi.teamname.CipherTests" tests="11" skipped="0" failures="0" errors="0" timestamp="2020-05-10T03:56:45" hostname="DESKTOP-DVDHGBL" time="0.077">
  <properties/>
  <testcase name="cipherSetTextTests()" classname="edu.wpi.teamname.CipherTests" time="0.024"/>
  <testcase name="caesarTest1()" classname="edu.wpi.teamname.CipherTests" time="0.017"/>
  <testcase name="caesarTest2()" classname="edu.wpi.teamname.CipherTests" time="0.001"/>
  <testcase name="caesarTest3()" classname="edu.wpi.teamname.CipherTests" time="0.003"/>
  <testcase name="caesarTest4()" classname="edu.wpi.teamname.CipherTests" time="0.002"/>
  <testcase name="caesarTest5()" classname="edu.wpi.teamname.CipherTests" time="0.001"/>
  <testcase name="elbonianTest1()" classname="edu.wpi.teamname.CipherTests" time="0.015"/>
  <testcase name="elbonianTest2()" classname="edu.wpi.teamname.CipherTests" time="0.0"/>
  <testcase name="elbonianTest3()" classname="edu.wpi.teamname.CipherTests" time="0.001"/>
  <testcase name="elbonianTest4()" classname="edu.wpi.teamname.CipherTests" time="0.0"/>
  <testcase name="elbonianTest5()" classname="edu.wpi.teamname.CipherTests" time="0.002"/>
  <system-out><![CDATA[]]></system-out>
  <system-err><![CDATA[]]></system-err>
</testsuite>
