<?xml version="1.0" encoding="UTF-8"?>
<testsuite name="edu.wpi.teamname.CipherTests" tests="1" skipped="0" failures="0" errors="0" timestamp="2020-05-08T21:02:12" hostname="DESKTOP-SN6T8RQ" time="0.093">
  <properties/>
  <testcase name="ceasarTest()" classname="edu.wpi.teamname.CipherTests" time="0.093"/>
  <system-out><![CDATA[]]></system-out>
  <system-err><![CDATA[]]></system-err>
</testsuite>
