<?xml version="1.0" encoding="UTF-8"?>
<testsuite name="edu.wpi.teamname.CipherTests" tests="1" skipped="0" failures="0" errors="0" timestamp="2020-05-08T21:34:02" hostname="DESKTOP-SN6T8RQ" time="0.08">
  <properties/>
  <testcase name="cipherSetTextTests()" classname="edu.wpi.teamname.CipherTests" time="0.08"/>
  <system-out><![CDATA[]]></system-out>
  <system-err><![CDATA[]]></system-err>
</testsuite>
