<?xml version="1.0" encoding="UTF-8"?>
<testsuite name="edu.wpi.teamname.CipherTests" tests="1" skipped="0" failures="0" errors="0" timestamp="2020-05-10T04:22:39" hostname="praise.eteng" time="0.039">
  <properties/>
  <testcase name="caesarTest6()" classname="edu.wpi.teamname.CipherTests" time="0.039"/>
  <system-out><![CDATA[]]></system-out>
  <system-err><![CDATA[]]></system-err>
</testsuite>
